2012-06-10 18:21:14 ; gmodu ; Erreur ; Nb champs : 40 = 40 ; Poids : 37 < 5
2012-06-10 18:21:17 ; gdisp ; OK ; Nb champs : 29 = 29 ; Poids : 8000 < 8128
2012-06-10 18:21:26 ; gresp ; OK ; Nb champs : 18 = 18 ; Poids : 960 < 984
2012-06-10 18:21:30 ; gdire ; OK ; Nb champs : 6 = 6 ; Poids : 2650 < 2876
2012-06-10 18:21:45 ; ncont ; OK ; Nb champs : 6 = 6 ; Poids : 11 < 16
2012-06-10 18:21:45 ; ntcan ; OK ; Nb champs : 6 = 6 ; Poids : 3 < 4
2012-06-10 18:21:45 ; norie ; OK ; Nb champs : 6 = 6 ; Poids : 39 < 40
2012-06-11 00:54:24 ; gmodu ; OK ; Nb champs : 40 = 40 ; Poids : 23900 < 24100
2012-06-11 00:54:48 ; gdisp ; OK ; Nb champs : 29 = 29 ; Poids : 8000 < 8128
2012-06-11 00:54:58 ; gresp ; OK ; Nb champs : 18 = 18 ; Poids : 960 < 984
2012-06-11 00:55:01 ; gdire ; OK ; Nb champs : 6 = 6 ; Poids : 2650 < 2876
2012-06-11 00:55:16 ; ncont ; OK ; Nb champs : 6 = 6 ; Poids : 11 < 16
2012-06-11 00:55:16 ; ntcan ; OK ; Nb champs : 6 = 6 ; Poids : 3 < 4
2012-06-11 00:55:16 ; norie ; OK ; Nb champs : 6 = 6 ; Poids : 39 < 40
2012-06-13 23:50:32 ; gmodu ; Erreur ; Nb champs : 40 = 40 ; Poids : 37 < 5
2012-06-13 23:50:35 ; gdisp ; OK ; Nb champs : 29 = 29 ; Poids : 8000 < 8128
2012-06-13 23:50:44 ; gresp ; OK ; Nb champs : 18 = 18 ; Poids : 960 < 984
2012-06-13 23:50:48 ; gdire ; OK ; Nb champs : 6 = 6 ; Poids : 2650 < 2876
2012-06-13 23:51:03 ; ncont ; OK ; Nb champs : 6 = 6 ; Poids : 11 < 16
2012-06-13 23:51:03 ; ntcan ; OK ; Nb champs : 6 = 6 ; Poids : 3 < 4
2012-06-13 23:51:04 ; norie ; OK ; Nb champs : 6 = 6 ; Poids : 39 < 40
2012-06-13 23:55:10 ; gmodu ; Erreur ; Nb champs : 40 = 40 ; Poids : 37 < 5
2012-06-13 23:58:24 ; gmodu ; Erreur ; Nb champs : 40 = 40 ; Poids : 37 < 5
2012-06-13 23:58:27 ; gdisp ; OK ; Nb champs : 29 = 29 ; Poids : 8000 < 8128
2012-06-13 23:58:36 ; gresp ; OK ; Nb champs : 18 = 18 ; Poids : 960 < 984
2012-06-13 23:58:40 ; gdire ; OK ; Nb champs : 6 = 6 ; Poids : 2650 < 2876
2012-06-13 23:58:54 ; ncont ; OK ; Nb champs : 6 = 6 ; Poids : 11 < 16
2012-06-13 23:58:55 ; ntcan ; OK ; Nb champs : 6 = 6 ; Poids : 3 < 4
2012-06-13 23:58:55 ; norie ; OK ; Nb champs : 6 = 6 ; Poids : 39 < 40
2012-06-14 00:29:49 ; gmodu ; Erreur ; Nb champs : 40 = 2 ; Poids : 23900 < 4
2012-06-14 00:29:51 ; gdisp ; Erreur ; Nb champs : 29 = 8000 ; Poids : 4 < 
2012-06-14 00:29:51 ; gresp ; OK ; Nb champs : 18 = 18 ; Poids : 960 < 984
2012-06-14 00:29:54 ; gdire ; OK ; Nb champs : 6 = 6 ; Poids : 2650 < 2876
2012-06-14 00:30:09 ; ncont ; OK ; Nb champs : 6 = 6 ; Poids : 11 < 16
2012-06-14 00:30:09 ; ntcan ; OK ; Nb champs : 6 = 6 ; Poids : 3 < 4
2012-06-14 00:30:09 ; norie ; OK ; Nb champs : 6 = 6 ; Poids : 39 < 40
2012-06-14 00:31:45 ; gmodu ; Erreur ; Nb champs : 40 = 2 ; Poids : 23900 < 4
2012-06-14 00:31:47 ; gdisp ; Erreur ; Nb champs : 29 = 8000 ; Poids : 4 < 
2012-06-14 00:31:47 ; gresp ; OK ; Nb champs : 18 = 18 ; Poids : 960 < 984
2012-06-14 00:31:50 ; gdire ; OK ; Nb champs : 6 = 6 ; Poids : 2650 < 2876
2012-06-14 00:31:58 ; ncont ; OK ; Nb champs : 6 = 6 ; Poids : 11 < 16
2012-06-14 00:31:58 ; ntcan ; OK ; Nb champs : 6 = 6 ; Poids : 3 < 4
2012-06-14 00:31:58 ; norie ; OK ; Nb champs : 6 = 6 ; Poids : 39 < 40
2012-06-14 00:35:33 ; gmodu ; OK ; Nb champs : 40 = 40 ; Poids : 23900 < 24352
2012-06-14 00:35:56 ; gdisp ; OK ; Nb champs : 29 = 29 ; Poids : 8000 < 8128
2012-06-14 00:36:05 ; gresp ; OK ; Nb champs : 18 = 18 ; Poids : 960 < 984
2012-06-14 00:36:09 ; gdire ; OK ; Nb champs : 6 = 6 ; Poids : 2650 < 2876
2012-06-14 00:36:23 ; ncont ; OK ; Nb champs : 6 = 6 ; Poids : 11 < 16
2012-06-14 00:36:23 ; ntcan ; OK ; Nb champs : 6 = 6 ; Poids : 3 < 4
2012-06-14 00:36:24 ; norie ; OK ; Nb champs : 6 = 6 ; Poids : 39 < 40
2012-06-21 12:34:35 ; gmodu ; OK ; Nb champs : 40 = 40 ; Poids : 23900 < 24408
2012-06-21 12:34:58 ; gdisp ; OK ; Nb champs : 29 = 29 ; Poids : 8000 < 8144
2012-06-21 12:35:08 ; gresp ; OK ; Nb champs : 18 = 18 ; Poids : 960 < 984
2012-06-21 12:35:11 ; gdire ; OK ; Nb champs : 6 = 6 ; Poids : 2650 < 2880
2012-06-21 12:35:26 ; ncont ; OK ; Nb champs : 6 = 6 ; Poids : 11 < 16
2012-06-21 12:35:26 ; ntcan ; OK ; Nb champs : 6 = 6 ; Poids : 3 < 4
2012-06-21 12:35:27 ; norie ; OK ; Nb champs : 6 = 6 ; Poids : 39 < 40
2012-06-24 22:43:10 ; gmodu ; OK ; Nb champs : 40 = 40 ; Poids : 23900 < 24448
2012-06-24 22:43:34 ; gdisp ; OK ; Nb champs : 29 = 29 ; Poids : 8000 < 8160
2012-06-24 22:43:43 ; gresp ; OK ; Nb champs : 18 = 18 ; Poids : 960 < 984
2012-06-24 22:43:47 ; gdire ; OK ; Nb champs : 6 = 6 ; Poids : 2650 < 2888
2012-06-24 22:44:02 ; ncont ; OK ; Nb champs : 6 = 6 ; Poids : 11 < 16
2012-06-24 22:44:02 ; ntcan ; OK ; Nb champs : 6 = 6 ; Poids : 3 < 4
2012-06-24 22:44:02 ; norie ; OK ; Nb champs : 6 = 6 ; Poids : 39 < 40
